<?xml version="1.0" encoding="UTF-8"?>
<!-- Generated by org.testng.reporters.JUnitReportReporter -->
<testsuite hostname="LAPTOP-9U712G8R" failures="0" tests="1" name="cucumber.TestNGTestRunner" time="9.060" errors="0" timestamp="2024-03-31T00:01:35 AEDT" skipped="0">
  <testcase classname="cucumber.TestNGTestRunner" name="runScenario" time="9.060"/>
</testsuite> <!-- cucumber.TestNGTestRunner -->
