<?xml version="1.0" encoding="UTF-8"?>
<!-- Generated by org.testng.reporters.JUnitReportReporter -->
<testsuite hostname="LAPTOP-9U712G8R" failures="0" tests="4" name="bigProject.tests.SubmitOrderTest" time="41.303" errors="0" timestamp="2024-03-25T09:52:05 AEDT" skipped="0">
  <testcase classname="bigProject.tests.SubmitOrderTest" name="OrderHistoryTest" time="8.179"/>
  <testcase classname="bigProject.tests.SubmitOrderTest" name="SubmitOrder" time="12.530"/>
  <testcase classname="bigProject.tests.SubmitOrderTest" name="SubmitOrder" time="12.366"/>
  <testcase classname="bigProject.tests.SubmitOrderTest" name="OrderHistoryTest" time="8.228"/>
</testsuite> <!-- bigProject.tests.SubmitOrderTest -->
